Arguments: 
  C:\Program Files\nodejs\node.exe C:\Program Files\nodejs\node_modules\yarn\bin\yarn.js publish --registry=https://registry.yarnpkg.com

PATH: 
  C:\Program Files\Common Files\Oracle\Java\javapath;C:\Program Files\VanDyke Software\Clients\;C:\Windows\system32;C:\Windows;C:\Windows\System32\Wbem;C:\Windows\System32\WindowsPowerShell\v1.0\;C:\Windows\System32\OpenSSH\;C:\Program Files (x86)\NVIDIA Corporation\PhysX\Common;C:\Program Files\NVIDIA Corporation\NVIDIA NvDLISR;C:\Program Files\OpenVPN\bin;C:\Program Files\Git\cmd;C:\Users\DN\AppData\Roaming\nvm;C:\Program Files\nodejs;C:\Program Files\Docker\Docker\resources\bin;C:\ProgramData\DockerDesktop\version-bin;C:\Program Files\TortoiseSVN\bin;C:\WINDOWS\system32;C:\WINDOWS;C:\WINDOWS\System32\Wbem;C:\WINDOWS\System32\WindowsPowerShell\v1.0\;C:\WINDOWS\System32\OpenSSH\;C:\Program Files (x86)\Tencent\微信web开发者工具\dll;C:\Program Files\Java\jdk-18.0.2\bin;C:\Users\DN\AppData\Local\Microsoft\WindowsApps;C:\Users\DN\AppData\Local\Programs\Microsoft VS Code\bin;C:\Program Files\Bandizip\;C:\Users\DN\AppData\Local\Programs\Fiddler;C:\Users\DN\AppData\Roaming\nvm;C:\Program Files\nodejs;C:\Users\DN\AppData\Local\Microsoft\WindowsApps;

Yarn version: 
  1.22.11

Node version: 
  14.16.1

Platform: 
  win32 x64

Trace: 
  Error: https://registry.yarnpkg.com/-/user/org.couchdb.user:kuswinner: failed to authenticate: Could not authenticate kuswinner: bad password
      at Request.params.callback [as _callback] (C:\Users\DN\AppData\Roaming\nvm\v14.16.1\node_modules\yarn\lib\cli.js:66992:18)
      at Request.self.callback (C:\Users\DN\AppData\Roaming\nvm\v14.16.1\node_modules\yarn\lib\cli.js:140763:22)
      at Request.emit (events.js:315:20)
      at Request.<anonymous> (C:\Users\DN\AppData\Roaming\nvm\v14.16.1\node_modules\yarn\lib\cli.js:141735:10)
      at Request.emit (events.js:315:20)
      at IncomingMessage.<anonymous> (C:\Users\DN\AppData\Roaming\nvm\v14.16.1\node_modules\yarn\lib\cli.js:141657:12)
      at Object.onceWrapper (events.js:421:28)
      at IncomingMessage.emit (events.js:327:22)
      at endReadableNT (internal/streams/readable.js:1327:12)
      at processTicksAndRejections (internal/process/task_queues.js:80:21)

npm manifest: 
  {
    "name": "generator-yeoman-swagger",
    "version": "1.0.0",
    "description": "",
    "homepage": "",
    "author": {
      "name": "s-kuswin",
      "email": "kuswin95@gmail.com",
      "url": ""
    },
    "files": [
      "generators"
    ],
    "main": "generators/index.js",
    "keywords": [
      "",
      "yeoman-generator"
    ],
    "devDependencies": {
      "coveralls": "^3.0.7",
      "ejs-lint": "^1.2.2",
      "eslint": "^6.6.0",
      "eslint-config-prettier": "^6.6.0",
      "eslint-config-xo": "^0.27.2",
      "eslint-plugin-prettier": "^3.1.1",
      "gulp-beautify": "^3.0.0",
      "husky": "^3.0.9",
      "jest": "^26.1.0",
      "lint-staged": "^9.4.3",
      "prettier": "^1.19.1",
      "yeoman-assert": "^3.1.1",
      "yeoman-test": "^1.7.0"
    },
    "engines": {
      "npm": ">= 4.0.0"
    },
    "dependencies": {
      "axios": "^0.27.2",
      "chalk": "^2.1.0",
      "lodash": "^4.17.21",
      "yeoman-generator": "^3.1.1",
      "yosay": "^2.0.2"
    },
    "jest": {
      "testEnvironment": "node"
    },
    "lint-staged": {
      "*.js": [
        "eslint --fix",
        "git add"
      ],
      "*.json": [
        "prettier --write",
        "git add"
      ]
    },
    "husky": {
      "hooks": {
        "pre-commit": "lint-staged"
      }
    },
    "eslintConfig": {
      "extends": [
        "xo",
        "prettier"
      ],
      "env": {
        "jest": true,
        "node": true
      },
      "rules": {
        "prettier/prettier": "error"
      },
      "plugins": [
        "prettier"
      ]
    },
    "scripts": {
      "pretest": "eslint .",
      "test": "jest",
      "lint:ejs": "ejslint generators/app/templates/js.ejs"
    },
    "repository": "s-kuswin/generator-yeoman-swagger",
    "license": "MPL-2.0"
  }

yarn manifest: 
  No manifest

Lockfile: 
  No lockfile
